<?xml version="1.0" encoding="UTF-8"?>
<!-- Generated by org.testng.reporters.JUnitReportReporter -->
<testsuite hostname="DESKTOP-L3A5DNH" failures="0" tests="1" name="spotify.oauth2.tests.PlayListTests" time="2.068" errors="0" timestamp="2025-06-15T11:20:07 IST" skipped="0">
  <testcase classname="spotify.oauth2.tests.PlayListTests" name="ShouldNotBeAbleToCreatePlayListWithExpiredToken" time="2.068"/>
  <system-out/>
</testsuite> <!-- spotify.oauth2.tests.PlayListTests -->
