<?xml version="1.0" encoding="UTF-8"?>
<!-- Generated by org.testng.reporters.JUnitReportReporter -->
<testsuite hostname="DESKTOP-L3A5DNH" failures="0" tests="5" name="com.spotify.oauth2.tests.PlayListTests" time="8.574" errors="0" timestamp="2025-06-18T14:20:56 IST" skipped="0">
  <testcase classname="com.spotify.oauth2.tests.PlayListTests" name="ShouldBeAbleToGetPlayList" time="0.507"/>
  <system-out/>
  <testcase classname="com.spotify.oauth2.tests.PlayListTests" name="ShouldNotBeAbleToCreatePlayListWithExpiredToken" time="0.404"/>
  <system-out/>
  <testcase classname="com.spotify.oauth2.tests.PlayListTests" name="ShouldBeAbleToUpdatePlayList" time="0.506"/>
  <system-out/>
  <testcase classname="com.spotify.oauth2.tests.PlayListTests" name="ShouldNotBeAbleToCreatePlayListWithoutName" time="0.415"/>
  <system-out/>
  <testcase classname="com.spotify.oauth2.tests.PlayListTests" name="ShouldBeAbleToCreatePlayList" time="6.742"/>
  <system-out/>
</testsuite> <!-- com.spotify.oauth2.tests.PlayListTests -->
