<?xml version="1.0" encoding="UTF-8"?>
<!-- Generated by org.testng.reporters.JUnitReportReporter -->
<testsuite hostname="DESKTOP-L3A5DNH" failures="0" tests="5" name="com.spotify.oauth2.tests.PlayListTest" time="7.764" errors="0" timestamp="2025-06-18T19:18:41 IST" skipped="0">
  <testcase classname="com.spotify.oauth2.tests.PlayListTest" name="ShouldNotBeAbleToCreatePlayListWithExpiredToken" time="0.339"/>
  <system-out/>
  <testcase classname="com.spotify.oauth2.tests.PlayListTest" name="ShouldBeAbleToCreatePlayList" time="6.290"/>
  <system-out/>
  <testcase classname="com.spotify.oauth2.tests.PlayListTest" name="ShouldBeAbleToUpdatePlayList" time="0.422"/>
  <system-out/>
  <testcase classname="com.spotify.oauth2.tests.PlayListTest" name="ShouldBeAbleToGetPlayList" time="0.385"/>
  <system-out/>
  <testcase classname="com.spotify.oauth2.tests.PlayListTest" name="ShouldNotBeAbleToCreatePlayListWithoutName" time="0.328"/>
  <system-out/>
</testsuite> <!-- com.spotify.oauth2.tests.PlayListTest -->
