<?xml version="1.0" encoding="UTF-8"?>
<!-- Generated by org.testng.reporters.JUnitReportReporter -->
<testsuite hostname="DESKTOP-L3A5DNH" failures="0" tests="5" name="com.spotify.oauth2.tests.PlayListTest" time="28.988" errors="0" timestamp="2025-06-18T19:04:05 IST" skipped="0">
  <testcase classname="com.spotify.oauth2.tests.PlayListTest" name="ShouldBeAbleToGetPlayList" time="6.048"/>
  <testcase classname="com.spotify.oauth2.tests.PlayListTest" name="ShouldBeAbleToUpdatePlayList" time="6.088"/>
  <testcase classname="com.spotify.oauth2.tests.PlayListTest" name="ShouldNotBeAbleToCreatePlayListWithExpiredToken" time="4.743"/>
  <testcase classname="com.spotify.oauth2.tests.PlayListTest" name="ShouldNotBeAbleToCreatePlayListWithoutName" time="5.973"/>
  <testcase classname="com.spotify.oauth2.tests.PlayListTest" name="ShouldBeAbleToCreatePlayList" time="6.136"/>
</testsuite> <!-- com.spotify.oauth2.tests.PlayListTest -->
